[0129/102823.240:ERROR:process_memory_win.cc(73)] ReadMemory at 0x7ff723bc0000 of 64 bytes failed: Only part of a ReadProcessMemory or WriteProcessMemory request was completed. (0x12B)
[0129/102823.254:WARNING:pe_image_reader.cc(340)] could not read dos header from C:\Program Files (x86)\Google\Chrome\Application\chrome.exe
[0129/102823.254:ERROR:process_memory_win.cc(73)] ReadMemory at 0x7ffbaf200000 of 64 bytes failed: Only part of a ReadProcessMemory or WriteProcessMemory request was completed. (0x12B)
[0129/102823.254:WARNING:pe_image_reader.cc(340)] could not read dos header from C:\WINDOWS\SYSTEM32\ntdll.dll
[0129/102823.255:ERROR:process_memory_win.cc(73)] ReadMemory at 0x7ffbac550000 of 64 bytes failed: Only part of a ReadProcessMemory or WriteProcessMemory request was completed. (0x12B)
[0129/102823.256:WARNING:pe_image_reader.cc(340)] could not read dos header from C:\WINDOWS\System32\KERNEL32.DLL
[0129/102823.256:ERROR:process_memory_win.cc(73)] ReadMemory at 0x7ffbab340000 of 64 bytes failed: Only part of a ReadProcessMemory or WriteProcessMemory request was completed. (0x12B)
[0129/102823.256:WARNING:pe_image_reader.cc(340)] could not read dos header from C:\WINDOWS\System32\KERNELBASE.dll
[0129/102823.256:ERROR:process_memory_win.cc(73)] ReadMemory at 0x7ffb7cb90000 of 64 bytes failed: Only part of a ReadProcessMemory or WriteProcessMemory request was completed. (0x12B)
[0129/102823.256:WARNING:pe_image_reader.cc(340)] could not read dos header from C:\Program Files (x86)\Google\Chrome\Application\79.0.3945.130\chrome_elf.dll
[0129/102823.257:ERROR:process_memory_win.cc(73)] ReadMemory at 0x7ffb98cf0000 of 64 bytes failed: Only part of a ReadProcessMemory or WriteProcessMemory request was completed. (0x12B)
[0129/102823.257:WARNING:pe_image_reader.cc(340)] could not read dos header from C:\WINDOWS\SYSTEM32\VERSION.dll
[0129/102823.257:ERROR:process_memory_win.cc(73)] ReadMemory at 0x7ffbac9a0000 of 64 bytes failed: Only part of a ReadProcessMemory or WriteProcessMemory request was completed. (0x12B)
[0129/102823.257:WARNING:pe_image_reader.cc(340)] could not read dos header from C:\WINDOWS\System32\msvcrt.dll
[0129/102823.257:ERROR:process_memory_win.cc(73)] ReadMemory at 0x7ffbac380000 of 64 bytes failed: Only part of a ReadProcessMemory or WriteProcessMemory request was completed. (0x12B)
[0129/102823.258:WARNING:pe_image_reader.cc(340)] could not read dos header from C:\WINDOWS\System32\bcryptPrimitives.dll
[0129/102823.258:ERROR:process_memory_win.cc(73)] ReadMemory at 0x7ffbac4a0000 of 64 bytes failed: Only part of a ReadProcessMemory or WriteProcessMemory request was completed. (0x12B)
[0129/102823.258:WARNING:pe_image_reader.cc(340)] could not read dos header from C:\WINDOWS\System32\ADVAPI32.dll
[0129/102823.258:ERROR:process_memory_win.cc(73)] ReadMemory at 0x7ffbadfe0000 of 64 bytes failed: Only part of a ReadProcessMemory or WriteProcessMemory request was completed. (0x12B)
[0129/102823.258:WARNING:pe_image_reader.cc(340)] could not read dos header from C:\WINDOWS\System32\sechost.dll
[0129/102823.258:ERROR:process_memory_win.cc(73)] ReadMemory at 0x7ffbae5d0000 of 64 bytes failed: Only part of a ReadProcessMemory or WriteProcessMemory request was completed. (0x12B)
[0129/102823.259:WARNING:pe_image_reader.cc(340)] could not read dos header from C:\WINDOWS\System32\RPCRT4.dll
[0129/102823.259:ERROR:process_memory_win.cc(73)] ReadMemory at 0x7ffb50a80000 of 64 bytes failed: Only part of a ReadProcessMemory or WriteProcessMemory request was completed. (0x12B)
[0129/102823.259:WARNING:pe_image_reader.cc(340)] could not read dos header from C:\Program Files (x86)\Google\Chrome\Application\79.0.3945.130\chrome_child.dll
[0129/102823.260:ERROR:process_memory_win.cc(73)] ReadMemory at 0x7ffbae720000 of 64 bytes failed: Only part of a ReadProcessMemory or WriteProcessMemory request was completed. (0x12B)
[0129/102823.260:WARNING:pe_image_reader.cc(340)] could not read dos header from C:\WINDOWS\System32\OLEAUT32.dll
[0129/102823.260:ERROR:process_memory_win.cc(73)] ReadMemory at 0x7ffbac400000 of 64 bytes failed: Only part of a ReadProcessMemory or WriteProcessMemory request was completed. (0x12B)
[0129/102823.260:WARNING:pe_image_reader.cc(340)] could not read dos header from C:\WINDOWS\System32\msvcp_win.dll
[0129/102823.260:ERROR:process_memory_win.cc(73)] ReadMemory at 0x7ffbac230000 of 64 bytes failed: Only part of a ReadProcessMemory or WriteProcessMemory request was completed. (0x12B)
[0129/102823.260:WARNING:pe_image_reader.cc(340)] could not read dos header from C:\WINDOWS\System32\ucrtbase.dll
[0129/102823.260:ERROR:process_memory_win.cc(73)] ReadMemory at 0x7ffbaee40000 of 64 bytes failed: Only part of a ReadProcessMemory or WriteProcessMemory request was completed. (0x12B)
[0129/102823.261:WARNING:pe_image_reader.cc(340)] could not read dos header from C:\WINDOWS\System32\combase.dll
[0129/102823.261:ERROR:process_memory_win.cc(73)] ReadMemory at 0x7ffbadf70000 of 64 bytes failed: Only part of a ReadProcessMemory or WriteProcessMemory request was completed. (0x12B)
[0129/102823.261:WARNING:pe_image_reader.cc(340)] could not read dos header from C:\WINDOWS\System32\WS2_32.dll
[0129/102823.261:ERROR:process_memory_win.cc(73)] ReadMemory at 0x7ffbac1d0000 of 64 bytes failed: Only part of a ReadProcessMemory or WriteProcessMemory request was completed. (0x12B)
[0129/102823.261:WARNING:pe_image_reader.cc(340)] could not read dos header from C:\WINDOWS\System32\WINTRUST.dll
[0129/102823.261:ERROR:process_memory_win.cc(73)] ReadMemory at 0x7ffbab2d0000 of 64 bytes failed: Only part of a ReadProcessMemory or WriteProcessMemory request was completed. (0x12B)
[0129/102823.261:WARNING:pe_image_reader.cc(340)] could not read dos header from C:\WINDOWS\System32\MSASN1.dll
[0129/102823.261:ERROR:process_memory_win.cc(73)] ReadMemory at 0x7ffbab5e0000 of 64 bytes failed: Only part of a ReadProcessMemory or WriteProcessMemory request was completed. (0x12B)
[0129/102823.262:WARNING:pe_image_reader.cc(340)] could not read dos header from C:\WINDOWS\System32\CRYPT32.dll
[0129/102823.262:ERROR:process_memory_win.cc(73)] ReadMemory at 0x7ffbaa7a0000 of 64 bytes failed: Only part of a ReadProcessMemory or WriteProcessMemory request was completed. (0x12B)
[0129/102823.262:WARNING:pe_image_reader.cc(340)] could not read dos header from C:\WINDOWS\SYSTEM32\IPHLPAPI.DLL
[0129/102823.262:ERROR:process_memory_win.cc(73)] ReadMemory at 0x7ffba8160000 of 64 bytes failed: Only part of a ReadProcessMemory or WriteProcessMemory request was completed. (0x12B)
[0129/102823.262:WARNING:pe_image_reader.cc(340)] could not read dos header from C:\WINDOWS\SYSTEM32\WINMM.dll
[0129/102823.262:ERROR:process_memory_win.cc(73)] ReadMemory at 0x7ffbab1a0000 of 64 bytes failed: Only part of a ReadProcessMemory or WriteProcessMemory request was completed. (0x12B)
[0129/102823.262:WARNING:pe_image_reader.cc(340)] could not read dos header from C:\WINDOWS\SYSTEM32\USERENV.dll
[0129/102823.263:ERROR:process_memory_win.cc(73)] ReadMemory at 0x7ffbab310000 of 64 bytes failed: Only part of a ReadProcessMemory or WriteProcessMemory request was completed. (0x12B)
[0129/102823.263:WARNING:pe_image_reader.cc(340)] could not read dos header from C:\WINDOWS\System32\profapi.dll
[0129/102823.263:ERROR:process_memory_win.cc(73)] ReadMemory at 0x7ffb9b260000 of 64 bytes failed: Only part of a ReadProcessMemory or WriteProcessMemory request was completed. (0x12B)
[0129/102823.263:WARNING:pe_image_reader.cc(340)] could not read dos header from C:\WINDOWS\SYSTEM32\DWrite.dll
[0129/102823.263:ERROR:process_memory_win.cc(73)] ReadMemory at 0x7ffb96080000 of 64 bytes failed: Only part of a ReadProcessMemory or WriteProcessMemory request was completed. (0x12B)
[0129/102823.263:WARNING:pe_image_reader.cc(340)] could not read dos header from C:\WINDOWS\SYSTEM32\WINSPOOL.DRV
[0129/102823.264:ERROR:process_memory_win.cc(73)] ReadMemory at 0x7ffbab2f0000 of 64 bytes failed: Only part of a ReadProcessMemory or WriteProcessMemory request was completed. (0x12B)
[0129/102823.264:WARNING:pe_image_reader.cc(340)] could not read dos header from C:\WINDOWS\System32\kernel.appcore.dll
[0129/102823.264:ERROR:process_memory_win.cc(73)] ReadMemory at 0x7ffbac330000 of 64 bytes failed: Only part of a ReadProcessMemory or WriteProcessMemory request was completed. (0x12B)
[0129/102823.264:WARNING:pe_image_reader.cc(340)] could not read dos header from C:\WINDOWS\System32\bcrypt.dll
[0129/102823.264:ERROR:process_memory_win.cc(73)] ReadMemory at 0x7ffba9c70000 of 64 bytes failed: Only part of a ReadProcessMemory or WriteProcessMemory request was completed. (0x12B)
[0129/102823.264:WARNING:pe_image_reader.cc(340)] could not read dos header from C:\WINDOWS\SYSTEM32\dbghelp.dll
[0129/102823.265:ERROR:process_memory_win.cc(73)] ReadMemory at 0x7ffb97ae0000 of 64 bytes failed: Only part of a ReadProcessMemory or WriteProcessMemory request was completed. (0x12B)
[0129/102823.265:WARNING:pe_image_reader.cc(340)] could not read dos header from C:\WINDOWS\SYSTEM32\Secur32.dll
[0129/102823.266:ERROR:process_memory_win.cc(73)] ReadMemory at 0x7ffba3830000 of 64 bytes failed: Only part of a ReadProcessMemory or WriteProcessMemory request was completed. (0x12B)
[0129/102823.266:WARNING:pe_image_reader.cc(340)] could not read dos header from C:\WINDOWS\SYSTEM32\WINHTTP.dll
[0129/102823.266:ERROR:process_memory_win.cc(73)] ReadMemory at 0x7ffb9fa30000 of 64 bytes failed: Only part of a ReadProcessMemory or WriteProcessMemory request was completed. (0x12B)
[0129/102823.266:WARNING:pe_image_reader.cc(340)] could not read dos header from C:\WINDOWS\SYSTEM32\dhcpcsvc.DLL
[0129/102823.266:ERROR:process_memory_win.cc(73)] ReadMemory at 0x7ffbae700000 of 64 bytes failed: Only part of a ReadProcessMemory or WriteProcessMemory request was completed. (0x12B)
[0129/102823.266:WARNING:pe_image_reader.cc(340)] could not read dos header from C:\WINDOWS\System32\NSI.dll
[0129/102823.266:ERROR:process_memory_win.cc(73)] ReadMemory at 0x7ffba7960000 of 64 bytes failed: Only part of a ReadProcessMemory or WriteProcessMemory request was completed. (0x12B)
[0129/102823.266:WARNING:pe_image_reader.cc(340)] could not read dos header from C:\WINDOWS\SYSTEM32\WINMMBASE.dll
[0129/102823.266:ERROR:process_memory_win.cc(73)] ReadMemory at 0x7ffbaba30000 of 64 bytes failed: Only part of a ReadProcessMemory or WriteProcessMemory request was completed. (0x12B)
[0129/102823.266:WARNING:pe_image_reader.cc(340)] could not read dos header from C:\WINDOWS\System32\cfgmgr32.dll
[0129/102823.266:ERROR:process_memory_win.cc(73)] ReadMemory at 0x7ffba92d0000 of 64 bytes failed: Only part of a ReadProcessMemory or WriteProcessMemory request was completed. (0x12B)
[0129/102823.267:WARNING:pe_image_reader.cc(340)] could not read dos header from C:\WINDOWS\SYSTEM32\PROPSYS.dll
[0129/102823.267:ERROR:process_memory_win.cc(73)] ReadMemory at 0x7ffbac6f0000 of 64 bytes failed: Only part of a ReadProcessMemory or WriteProcessMemory request was completed. (0x12B)
[0129/102823.267:WARNING:pe_image_reader.cc(340)] could not read dos header from C:\WINDOWS\System32\shcore.dll
[0129/102823.267:ERROR:process_memory_win.cc(73)] ReadMemory at 0x7ffbab170000 of 64 bytes failed: Only part of a ReadProcessMemory or WriteProcessMemory request was completed. (0x12B)
[0129/102823.267:WARNING:pe_image_reader.cc(340)] could not read dos header from C:\WINDOWS\SYSTEM32\SSPICLI.DLL
[0129/102823.267:ERROR:process_memory_win.cc(73)] ReadMemory at 0x7ffbaac50000 of 64 bytes failed: Only part of a ReadProcessMemory or WriteProcessMemory request was completed. (0x12B)
[0129/102823.267:WARNING:pe_image_reader.cc(340)] could not read dos header from C:\WINDOWS\SYSTEM32\CRYPTBASE.DLL
[0129/102823.268:ERROR:process_memory_win.cc(73)] ReadMemory at 0x7ff723bc0000 of 64 bytes failed: Only part of a ReadProcessMemory or WriteProcessMemory request was completed. (0x12B)
[0129/102823.268:WARNING:pe_image_reader.cc(340)] could not read dos header from C:\Program Files (x86)\Google\Chrome\Application\chrome.exe
[0129/102823.268:ERROR:process_memory_win.cc(73)] ReadMemory at 0x7ffbaf200000 of 64 bytes failed: Only part of a ReadProcessMemory or WriteProcessMemory request was completed. (0x12B)
[0129/102823.268:WARNING:pe_image_reader.cc(340)] could not read dos header from C:\WINDOWS\SYSTEM32\ntdll.dll
[0129/102823.268:ERROR:process_memory_win.cc(73)] ReadMemory at 0x7ffbac550000 of 64 bytes failed: Only part of a ReadProcessMemory or WriteProcessMemory request was completed. (0x12B)
[0129/102823.268:WARNING:pe_image_reader.cc(340)] could not read dos header from C:\WINDOWS\System32\KERNEL32.DLL
[0129/102823.269:ERROR:process_memory_win.cc(73)] ReadMemory at 0x7ffbab340000 of 64 bytes failed: Only part of a ReadProcessMemory or WriteProcessMemory request was completed. (0x12B)
[0129/102823.269:WARNING:pe_image_reader.cc(340)] could not read dos header from C:\WINDOWS\System32\KERNELBASE.dll
[0129/102823.269:ERROR:process_memory_win.cc(73)] ReadMemory at 0x7ffb7cb90000 of 64 bytes failed: Only part of a ReadProcessMemory or WriteProcessMemory request was completed. (0x12B)
[0129/102823.269:WARNING:pe_image_reader.cc(340)] could not read dos header from C:\Program Files (x86)\Google\Chrome\Application\79.0.3945.130\chrome_elf.dll
[0129/102823.269:ERROR:process_memory_win.cc(73)] ReadMemory at 0x7ffb98cf0000 of 64 bytes failed: Only part of a ReadProcessMemory or WriteProcessMemory request was completed. (0x12B)
[0129/102823.269:WARNING:pe_image_reader.cc(340)] could not read dos header from C:\WINDOWS\SYSTEM32\VERSION.dll
[0129/102823.270:ERROR:process_memory_win.cc(73)] ReadMemory at 0x7ffbac9a0000 of 64 bytes failed: Only part of a ReadProcessMemory or WriteProcessMemory request was completed. (0x12B)
[0129/102823.270:WARNING:pe_image_reader.cc(340)] could not read dos header from C:\WINDOWS\System32\msvcrt.dll
[0129/102823.270:ERROR:process_memory_win.cc(73)] ReadMemory at 0x7ffbac380000 of 64 bytes failed: Only part of a ReadProcessMemory or WriteProcessMemory request was completed. (0x12B)
[0129/102823.270:WARNING:pe_image_reader.cc(340)] could not read dos header from C:\WINDOWS\System32\bcryptPrimitives.dll
[0129/102823.270:ERROR:process_memory_win.cc(73)] ReadMemory at 0x7ffbac4a0000 of 64 bytes failed: Only part of a ReadProcessMemory or WriteProcessMemory request was completed. (0x12B)
[0129/102823.271:WARNING:pe_image_reader.cc(340)] could not read dos header from C:\WINDOWS\System32\ADVAPI32.dll
[0129/102823.271:ERROR:process_memory_win.cc(73)] ReadMemory at 0x7ffbadfe0000 of 64 bytes failed: Only part of a ReadProcessMemory or WriteProcessMemory request was completed. (0x12B)
[0129/102823.271:WARNING:pe_image_reader.cc(340)] could not read dos header from C:\WINDOWS\System32\sechost.dll
[0129/102823.272:ERROR:process_memory_win.cc(73)] ReadMemory at 0x7ffbae5d0000 of 64 bytes failed: Only part of a ReadProcessMemory or WriteProcessMemory request was completed. (0x12B)
[0129/102823.272:WARNING:pe_image_reader.cc(340)] could not read dos header from C:\WINDOWS\System32\RPCRT4.dll
[0129/102823.272:ERROR:process_memory_win.cc(73)] ReadMemory at 0x7ffb50a80000 of 64 bytes failed: Only part of a ReadProcessMemory or WriteProcessMemory request was completed. (0x12B)
[0129/102823.272:WARNING:pe_image_reader.cc(340)] could not read dos header from C:\Program Files (x86)\Google\Chrome\Application\79.0.3945.130\chrome_child.dll
[0129/102823.272:ERROR:process_memory_win.cc(73)] ReadMemory at 0x7ffbae720000 of 64 bytes failed: Only part of a ReadProcessMemory or WriteProcessMemory request was completed. (0x12B)
[0129/102823.272:WARNING:pe_image_reader.cc(340)] could not read dos header from C:\WINDOWS\System32\OLEAUT32.dll
[0129/102823.272:ERROR:process_memory_win.cc(73)] ReadMemory at 0x7ffbac400000 of 64 bytes failed: Only part of a ReadProcessMemory or WriteProcessMemory request was completed. (0x12B)
[0129/102823.272:WARNING:pe_image_reader.cc(340)] could not read dos header from C:\WINDOWS\System32\msvcp_win.dll
[0129/102823.272:ERROR:process_memory_win.cc(73)] ReadMemory at 0x7ffbac230000 of 64 bytes failed: Only part of a ReadProcessMemory or WriteProcessMemory request was completed. (0x12B)
[0129/102823.272:WARNING:pe_image_reader.cc(340)] could not read dos header from C:\WINDOWS\System32\ucrtbase.dll
[0129/102823.273:ERROR:process_memory_win.cc(73)] ReadMemory at 0x7ffbaee40000 of 64 bytes failed: Only part of a ReadProcessMemory or WriteProcessMemory request was completed. (0x12B)
[0129/102823.273:WARNING:pe_image_reader.cc(340)] could not read dos header from C:\WINDOWS\System32\combase.dll
[0129/102823.273:ERROR:process_memory_win.cc(73)] ReadMemory at 0x7ffbadf70000 of 64 bytes failed: Only part of a ReadProcessMemory or WriteProcessMemory request was completed. (0x12B)
[0129/102823.273:WARNING:pe_image_reader.cc(340)] could not read dos header from C:\WINDOWS\System32\WS2_32.dll
[0129/102823.274:ERROR:process_memory_win.cc(73)] ReadMemory at 0x7ffbac1d0000 of 64 bytes failed: Only part of a ReadProcessMemory or WriteProcessMemory request was completed. (0x12B)
[0129/102823.274:WARNING:pe_image_reader.cc(340)] could not read dos header from C:\WINDOWS\System32\WINTRUST.dll
[0129/102823.274:ERROR:process_memory_win.cc(73)] ReadMemory at 0x7ffbab2d0000 of 64 bytes failed: Only part of a ReadProcessMemory or WriteProcessMemory request was completed. (0x12B)
[0129/102823.274:WARNING:pe_image_reader.cc(340)] could not read dos header from C:\WINDOWS\System32\MSASN1.dll
[0129/102823.274:ERROR:process_memory_win.cc(73)] ReadMemory at 0x7ffbab5e0000 of 64 bytes failed: Only part of a ReadProcessMemory or WriteProcessMemory request was completed. (0x12B)
[0129/102823.274:WARNING:pe_image_reader.cc(340)] could not read dos header from C:\WINDOWS\System32\CRYPT32.dll
[0129/102823.274:ERROR:process_memory_win.cc(73)] ReadMemory at 0x7ffbaa7a0000 of 64 bytes failed: Only part of a ReadProcessMemory or WriteProcessMemory request was completed. (0x12B)
[0129/102823.274:WARNING:pe_image_reader.cc(340)] could not read dos header from C:\WINDOWS\SYSTEM32\IPHLPAPI.DLL
[0129/102823.275:ERROR:process_memory_win.cc(73)] ReadMemory at 0x7ffba8160000 of 64 bytes failed: Only part of a ReadProcessMemory or WriteProcessMemory request was completed. (0x12B)
[0129/102823.275:WARNING:pe_image_reader.cc(340)] could not read dos header from C:\WINDOWS\SYSTEM32\WINMM.dll
[0129/102823.275:ERROR:process_memory_win.cc(73)] ReadMemory at 0x7ffbab1a0000 of 64 bytes failed: Only part of a ReadProcessMemory or WriteProcessMemory request was completed. (0x12B)
[0129/102823.275:WARNING:pe_image_reader.cc(340)] could not read dos header from C:\WINDOWS\SYSTEM32\USERENV.dll
[0129/102823.275:ERROR:process_memory_win.cc(73)] ReadMemory at 0x7ffbab310000 of 64 bytes failed: Only part of a ReadProcessMemory or WriteProcessMemory request was completed. (0x12B)
[0129/102823.275:WARNING:pe_image_reader.cc(340)] could not read dos header from C:\WINDOWS\System32\profapi.dll
[0129/102823.275:ERROR:process_memory_win.cc(73)] ReadMemory at 0x7ffb9b260000 of 64 bytes failed: Only part of a ReadProcessMemory or WriteProcessMemory request was completed. (0x12B)
[0129/102823.275:WARNING:pe_image_reader.cc(340)] could not read dos header from C:\WINDOWS\SYSTEM32\DWrite.dll
[0129/102823.275:ERROR:process_memory_win.cc(73)] ReadMemory at 0x7ffb96080000 of 64 bytes failed: Only part of a ReadProcessMemory or WriteProcessMemory request was completed. (0x12B)
[0129/102823.275:WARNING:pe_image_reader.cc(340)] could not read dos header from C:\WINDOWS\SYSTEM32\WINSPOOL.DRV
[0129/102823.275:ERROR:process_memory_win.cc(73)] ReadMemory at 0x7ffbab2f0000 of 64 bytes failed: Only part of a ReadProcessMemory or WriteProcessMemory request was completed. (0x12B)
[0129/102823.275:WARNING:pe_image_reader.cc(340)] could not read dos header from C:\WINDOWS\System32\kernel.appcore.dll
[0129/102823.276:ERROR:process_memory_win.cc(73)] ReadMemory at 0x7ffbac330000 of 64 bytes failed: Only part of a ReadProcessMemory or WriteProcessMemory request was completed. (0x12B)
[0129/102823.276:WARNING:pe_image_reader.cc(340)] could not read dos header from C:\WINDOWS\System32\bcrypt.dll
[0129/102823.276:ERROR:process_memory_win.cc(73)] ReadMemory at 0x7ffba9c70000 of 64 bytes failed: Only part of a ReadProcessMemory or WriteProcessMemory request was completed. (0x12B)
[0129/102823.276:WARNING:pe_image_reader.cc(340)] could not read dos header from C:\WINDOWS\SYSTEM32\dbghelp.dll
[0129/102823.276:ERROR:process_memory_win.cc(73)] ReadMemory at 0x7ffb97ae0000 of 64 bytes failed: Only part of a ReadProcessMemory or WriteProcessMemory request was completed. (0x12B)
[0129/102823.276:WARNING:pe_image_reader.cc(340)] could not read dos header from C:\WINDOWS\SYSTEM32\Secur32.dll
[0129/102823.276:ERROR:process_memory_win.cc(73)] ReadMemory at 0x7ffba3830000 of 64 bytes failed: Only part of a ReadProcessMemory or WriteProcessMemory request was completed. (0x12B)
[0129/102823.276:WARNING:pe_image_reader.cc(340)] could not read dos header from C:\WINDOWS\SYSTEM32\WINHTTP.dll
[0129/102823.276:ERROR:process_memory_win.cc(73)] ReadMemory at 0x7ffb9fa30000 of 64 bytes failed: Only part of a ReadProcessMemory or WriteProcessMemory request was completed. (0x12B)
[0129/102823.276:WARNING:pe_image_reader.cc(340)] could not read dos header from C:\WINDOWS\SYSTEM32\dhcpcsvc.DLL
[0129/102823.276:ERROR:process_memory_win.cc(73)] ReadMemory at 0x7ffbae700000 of 64 bytes failed: Only part of a ReadProcessMemory or WriteProcessMemory request was completed. (0x12B)
[0129/102823.276:WARNING:pe_image_reader.cc(340)] could not read dos header from C:\WINDOWS\System32\NSI.dll
[0129/102823.277:ERROR:process_memory_win.cc(73)] ReadMemory at 0x7ffba7960000 of 64 bytes failed: Only part of a ReadProcessMemory or WriteProcessMemory request was completed. (0x12B)
[0129/102823.277:WARNING:pe_image_reader.cc(340)] could not read dos header from C:\WINDOWS\SYSTEM32\WINMMBASE.dll
[0129/102823.277:ERROR:process_memory_win.cc(73)] ReadMemory at 0x7ffbaba30000 of 64 bytes failed: Only part of a ReadProcessMemory or WriteProcessMemory request was completed. (0x12B)
[0129/102823.277:WARNING:pe_image_reader.cc(340)] could not read dos header from C:\WINDOWS\System32\cfgmgr32.dll
[0129/102823.277:ERROR:process_memory_win.cc(73)] ReadMemory at 0x7ffba92d0000 of 64 bytes failed: Only part of a ReadProcessMemory or WriteProcessMemory request was completed. (0x12B)
[0129/102823.277:WARNING:pe_image_reader.cc(340)] could not read dos header from C:\WINDOWS\SYSTEM32\PROPSYS.dll
[0129/102823.277:ERROR:process_memory_win.cc(73)] ReadMemory at 0x7ffbac6f0000 of 64 bytes failed: Only part of a ReadProcessMemory or WriteProcessMemory request was completed. (0x12B)
[0129/102823.277:WARNING:pe_image_reader.cc(340)] could not read dos header from C:\WINDOWS\System32\shcore.dll
[0129/102823.277:ERROR:process_memory_win.cc(73)] ReadMemory at 0x7ffbab170000 of 64 bytes failed: Only part of a ReadProcessMemory or WriteProcessMemory request was completed. (0x12B)
[0129/102823.277:WARNING:pe_image_reader.cc(340)] could not read dos header from C:\WINDOWS\SYSTEM32\SSPICLI.DLL
[0129/102823.277:ERROR:process_memory_win.cc(73)] ReadMemory at 0x7ffbaac50000 of 64 bytes failed: Only part of a ReadProcessMemory or WriteProcessMemory request was completed. (0x12B)
[0129/102823.277:WARNING:pe_image_reader.cc(340)] could not read dos header from C:\WINDOWS\SYSTEM32\CRYPTBASE.DLL
[0129/102823.349:ERROR:process_memory_win.cc(73)] ReadMemory at 0xd1cb3ec000 of 81920 bytes failed: Only part of a ReadProcessMemory or WriteProcessMemory request was completed. (0x12B)
[0129/102823.351:ERROR:process_memory_win.cc(73)] ReadMemory at 0xd1cbbfd000 of 12288 bytes failed: Only part of a ReadProcessMemory or WriteProcessMemory request was completed. (0x12B)
[0129/102823.352:ERROR:process_memory_win.cc(73)] ReadMemory at 0xd1ccbfc000 of 16384 bytes failed: Only part of a ReadProcessMemory or WriteProcessMemory request was completed. (0x12B)
[0129/102823.352:ERROR:process_memory_win.cc(73)] ReadMemory at 0xd1cd3fb000 of 20480 bytes failed: Only part of a ReadProcessMemory or WriteProcessMemory request was completed. (0x12B)
[0129/102823.353:ERROR:process_memory_win.cc(73)] ReadMemory at 0xd1cdbfe000 of 8192 bytes failed: Only part of a ReadProcessMemory or WriteProcessMemory request was completed. (0x12B)
[0129/102823.353:ERROR:process_memory_win.cc(73)] ReadMemory at 0xd1ce3fd000 of 12288 bytes failed: Only part of a ReadProcessMemory or WriteProcessMemory request was completed. (0x12B)
[0129/102823.354:ERROR:process_memory_win.cc(73)] ReadMemory at 0xd1cebfb000 of 20480 bytes failed: Only part of a ReadProcessMemory or WriteProcessMemory request was completed. (0x12B)
[0129/102823.354:ERROR:process_memory_win.cc(73)] ReadMemory at 0xd1cf3fd000 of 12288 bytes failed: Only part of a ReadProcessMemory or WriteProcessMemory request was completed. (0x12B)
[0129/102823.354:ERROR:process_memory_win.cc(73)] ReadMemory at 0xd1d03f6000 of 40960 bytes failed: Only part of a ReadProcessMemory or WriteProcessMemory request was completed. (0x12B)
[0129/102823.355:ERROR:process_memory_win.cc(73)] ReadMemory at 0xd1d0bf6000 of 40960 bytes failed: Only part of a ReadProcessMemory or WriteProcessMemory request was completed. (0x12B)
[0129/102823.356:ERROR:process_memory_win.cc(73)] ReadMemory at 0xd1d13fd000 of 12288 bytes failed: Only part of a ReadProcessMemory or WriteProcessMemory request was completed. (0x12B)
[0129/102823.356:ERROR:process_memory_win.cc(73)] ReadMemory at 0xd1cfbfd000 of 12288 bytes failed: Only part of a ReadProcessMemory or WriteProcessMemory request was completed. (0x12B)
[0129/102823.357:ERROR:process_memory_win.cc(73)] ReadMemory at 0xd1cc3fa000 of 24576 bytes failed: Only part of a ReadProcessMemory or WriteProcessMemory request was completed. (0x12B)
[0129/102823.357:ERROR:process_memory_win.cc(73)] ReadMemory at 0xd1d23fb000 of 20480 bytes failed: Only part of a ReadProcessMemory or WriteProcessMemory request was completed. (0x12B)
[0129/102823.357:ERROR:process_memory_win.cc(73)] ReadMemory at 0xd1d1bfc000 of 16384 bytes failed: Only part of a ReadProcessMemory or WriteProcessMemory request was completed. (0x12B)
[0129/102823.357:ERROR:process_memory_win.cc(73)] ReadMemory at 0xd1d2bff000 of 4096 bytes failed: Only part of a ReadProcessMemory or WriteProcessMemory request was completed. (0x12B)
[0129/102823.357:ERROR:process_memory_win.cc(73)] ReadMemory at 0xd1caaef000 of 852 bytes failed: Only part of a ReadProcessMemory or WriteProcessMemory request was completed. (0x12B)
[0129/102823.358:ERROR:process_memory_win.cc(73)] ReadMemory at 0xd1caaf0000 of 6024 bytes failed: Only part of a ReadProcessMemory or WriteProcessMemory request was completed. (0x12B)
[0129/102823.358:ERROR:process_memory_win.cc(73)] ReadMemory at 0xd1caaf2000 of 6024 bytes failed: Only part of a ReadProcessMemory or WriteProcessMemory request was completed. (0x12B)
[0129/102823.358:ERROR:process_memory_win.cc(73)] ReadMemory at 0xd1caaf6000 of 6024 bytes failed: Only part of a ReadProcessMemory or WriteProcessMemory request was completed. (0x12B)
[0129/102823.358:ERROR:process_memory_win.cc(73)] ReadMemory at 0xd1caaf8000 of 6024 bytes failed: Only part of a ReadProcessMemory or WriteProcessMemory request was completed. (0x12B)
[0129/102823.359:ERROR:process_memory_win.cc(73)] ReadMemory at 0xd1caafa000 of 6024 bytes failed: Only part of a ReadProcessMemory or WriteProcessMemory request was completed. (0x12B)
[0129/102823.359:ERROR:process_memory_win.cc(73)] ReadMemory at 0xd1caafc000 of 6024 bytes failed: Only part of a ReadProcessMemory or WriteProcessMemory request was completed. (0x12B)
[0129/102823.359:ERROR:process_memory_win.cc(73)] ReadMemory at 0xd1caafe000 of 6024 bytes failed: Only part of a ReadProcessMemory or WriteProcessMemory request was completed. (0x12B)
[0129/102823.359:ERROR:process_memory_win.cc(73)] ReadMemory at 0xd1cab00000 of 6024 bytes failed: Only part of a ReadProcessMemory or WriteProcessMemory request was completed. (0x12B)
[0129/102823.360:ERROR:process_memory_win.cc(73)] ReadMemory at 0xd1cab04000 of 6024 bytes failed: Only part of a ReadProcessMemory or WriteProcessMemory request was completed. (0x12B)
[0129/102823.360:ERROR:process_memory_win.cc(73)] ReadMemory at 0xd1cab06000 of 6024 bytes failed: Only part of a ReadProcessMemory or WriteProcessMemory request was completed. (0x12B)
[0129/102823.360:ERROR:process_memory_win.cc(73)] ReadMemory at 0xd1cab08000 of 6024 bytes failed: Only part of a ReadProcessMemory or WriteProcessMemory request was completed. (0x12B)
[0129/102823.360:ERROR:process_memory_win.cc(73)] ReadMemory at 0xd1cab10000 of 6024 bytes failed: Only part of a ReadProcessMemory or WriteProcessMemory request was completed. (0x12B)
[0129/102823.361:ERROR:process_memory_win.cc(73)] ReadMemory at 0xd1cab48000 of 6024 bytes failed: Only part of a ReadProcessMemory or WriteProcessMemory request was completed. (0x12B)
[0129/102823.361:ERROR:process_memory_win.cc(73)] ReadMemory at 0xd1cab4e000 of 6024 bytes failed: Only part of a ReadProcessMemory or WriteProcessMemory request was completed. (0x12B)
[0129/102823.361:ERROR:process_memory_win.cc(73)] ReadMemory at 0xd1cab50000 of 6024 bytes failed: Only part of a ReadProcessMemory or WriteProcessMemory request was completed. (0x12B)
[0129/102823.361:ERROR:process_memory_win.cc(73)] ReadMemory at 0xd1cab52000 of 6024 bytes failed: Only part of a ReadProcessMemory or WriteProcessMemory request was completed. (0x12B)
[0129/102823.362:ERROR:process_memory_win.cc(73)] ReadMemory at 0x29425a70fe0 of 18704 bytes failed: Only part of a ReadProcessMemory or WriteProcessMemory request was completed. (0x12B)
[0129/102823.362:ERROR:process_memory_win.cc(73)] ReadMemory at 0x29425a75900 of 1012 bytes failed: Only part of a ReadProcessMemory or WriteProcessMemory request was completed. (0x12B)
[0129/102823.362:ERROR:process_memory_win.cc(73)] ReadMemory at 0x29425a75f28 of 118 bytes failed: Only part of a ReadProcessMemory or WriteProcessMemory request was completed. (0x12B)
[0129/102823.362:ERROR:process_memory_win.cc(73)] ReadMemory at 0x29425a75fa0 of 898 bytes failed: Only part of a ReadProcessMemory or WriteProcessMemory request was completed. (0x12B)
[0129/102823.362:ERROR:process_memory_win.cc(73)] ReadMemory at 0x29425a76324 of 118 bytes failed: Only part of a ReadProcessMemory or WriteProcessMemory request was completed. (0x12B)
[0129/102823.362:ERROR:process_memory_win.cc(73)] ReadMemory at 0x29425a7639c of 96 bytes failed: Only part of a ReadProcessMemory or WriteProcessMemory request was completed. (0x12B)
[0129/102823.363:ERROR:process_memory_win.cc(73)] ReadMemory at 0x29425a76410 of 58 bytes failed: Only part of a ReadProcessMemory or WriteProcessMemory request was completed. (0x12B)
[0129/102823.363:ERROR:process_memory_win.cc(73)] ReadMemory at 0x29425a76510 of 132 bytes failed: Only part of a ReadProcessMemory or WriteProcessMemory request was completed. (0x12B)
[0129/102823.363:ERROR:process_memory_win.cc(73)] ReadMemory at 0x29425a766a0 of 132 bytes failed: Only part of a ReadProcessMemory or WriteProcessMemory request was completed. (0x12B)
[0129/102823.363:ERROR:process_memory_win.cc(73)] ReadMemory at 0x29425a76860 of 126 bytes failed: Only part of a ReadProcessMemory or WriteProcessMemory request was completed. (0x12B)
[0129/102823.363:ERROR:process_memory_win.cc(73)] ReadMemory at 0x29425a76c40 of 132 bytes failed: Only part of a ReadProcessMemory or WriteProcessMemory request was completed. (0x12B)
[0129/102823.363:ERROR:process_memory_win.cc(73)] ReadMemory at 0x29425a76dd0 of 64 bytes failed: Only part of a ReadProcessMemory or WriteProcessMemory request was completed. (0x12B)
[0129/102823.363:ERROR:process_memory_win.cc(73)] ReadMemory at 0x29425a76e20 of 132 bytes failed: Only part of a ReadProcessMemory or WriteProcessMemory request was completed. (0x12B)
[0129/102823.364:ERROR:process_memory_win.cc(73)] ReadMemory at 0x29425a76f90 of 132 bytes failed: Only part of a ReadProcessMemory or WriteProcessMemory request was completed. (0x12B)
[0129/102823.364:ERROR:process_memory_win.cc(73)] ReadMemory at 0x29425a77230 of 132 bytes failed: Only part of a ReadProcessMemory or WriteProcessMemory request was completed. (0x12B)
[0129/102823.364:ERROR:process_memory_win.cc(73)] ReadMemory at 0x29425a773c0 of 68 bytes failed: Only part of a ReadProcessMemory or WriteProcessMemory request was completed. (0x12B)
[0129/102823.364:ERROR:process_memory_win.cc(73)] ReadMemory at 0x29425a782e0 of 158 bytes failed: Only part of a ReadProcessMemory or WriteProcessMemory request was completed. (0x12B)
[0129/102823.364:ERROR:process_memory_win.cc(73)] ReadMemory at 0x29425a783c0 of 132 bytes failed: Only part of a ReadProcessMemory or WriteProcessMemory request was completed. (0x12B)
[0129/102823.365:ERROR:process_memory_win.cc(73)] ReadMemory at 0x29425a78550 of 154 bytes failed: Only part of a ReadProcessMemory or WriteProcessMemory request was completed. (0x12B)
[0129/102823.365:ERROR:process_memory_win.cc(73)] ReadMemory at 0x29425a79360 of 62 bytes failed: Only part of a ReadProcessMemory or WriteProcessMemory request was completed. (0x12B)
[0129/102823.365:ERROR:process_memory_win.cc(73)] ReadMemory at 0x29425a794c0 of 132 bytes failed: Only part of a ReadProcessMemory or WriteProcessMemory request was completed. (0x12B)
[0129/102823.365:ERROR:process_memory_win.cc(73)] ReadMemory at 0x29425a79650 of 60 bytes failed: Only part of a ReadProcessMemory or WriteProcessMemory request was completed. (0x12B)
[0129/102823.365:ERROR:process_memory_win.cc(73)] ReadMemory at 0x29425a7b720 of 132 bytes failed: Only part of a ReadProcessMemory or WriteProcessMemory request was completed. (0x12B)
[0129/102823.365:ERROR:process_memory_win.cc(73)] ReadMemory at 0x29425a7b990 of 132 bytes failed: Only part of a ReadProcessMemory or WriteProcessMemory request was completed. (0x12B)
[0129/102823.365:ERROR:process_memory_win.cc(73)] ReadMemory at 0x29425a7bac0 of 132 bytes failed: Only part of a ReadProcessMemory or WriteProcessMemory request was completed. (0x12B)
[0129/102823.366:ERROR:process_memory_win.cc(73)] ReadMemory at 0x29425a7e240 of 132 bytes failed: Only part of a ReadProcessMemory or WriteProcessMemory request was completed. (0x12B)
[0129/102823.366:ERROR:process_memory_win.cc(73)] ReadMemory at 0x29425a7e3d0 of 80 bytes failed: Only part of a ReadProcessMemory or WriteProcessMemory request was completed. (0x12B)
[0129/102823.366:ERROR:process_memory_win.cc(73)] ReadMemory at 0x29425a7e890 of 64 bytes failed: Only part of a ReadProcessMemory or WriteProcessMemory request was completed. (0x12B)
[0129/102823.366:ERROR:process_memory_win.cc(73)] ReadMemory at 0x29425a7e8e0 of 64 bytes failed: Only part of a ReadProcessMemory or WriteProcessMemory request was completed. (0x12B)
[0129/102823.366:ERROR:process_memory_win.cc(73)] ReadMemory at 0x29425a7e930 of 66 bytes failed: Only part of a ReadProcessMemory or WriteProcessMemory request was completed. (0x12B)
[0129/102823.366:ERROR:process_memory_win.cc(73)] ReadMemory at 0x29425a7e980 of 64 bytes failed: Only part of a ReadProcessMemory or WriteProcessMemory request was completed. (0x12B)
[0129/102823.366:ERROR:process_memory_win.cc(73)] ReadMemory at 0x29425a7ea20 of 62 bytes failed: Only part of a ReadProcessMemory or WriteProcessMemory request was completed. (0x12B)
[0129/102823.366:ERROR:process_memory_win.cc(73)] ReadMemory at 0x29425a7ea70 of 60 bytes failed: Only part of a ReadProcessMemory or WriteProcessMemory request was completed. (0x12B)
[0129/102823.367:ERROR:process_memory_win.cc(73)] ReadMemory at 0x29425a7eac0 of 64 bytes failed: Only part of a ReadProcessMemory or WriteProcessMemory request was completed. (0x12B)
[0129/102823.367:ERROR:process_memory_win.cc(73)] ReadMemory at 0x29425a7eb10 of 60 bytes failed: Only part of a ReadProcessMemory or WriteProcessMemory request was completed. (0x12B)
[0129/102823.367:ERROR:process_memory_win.cc(73)] ReadMemory at 0x29425a7ebb0 of 62 bytes failed: Only part of a ReadProcessMemory or WriteProcessMemory request was completed. (0x12B)
[0129/102823.367:ERROR:process_memory_win.cc(73)] ReadMemory at 0x29425a83300 of 132 bytes failed: Only part of a ReadProcessMemory or WriteProcessMemory request was completed. (0x12B)
[0129/102823.367:ERROR:process_memory_win.cc(73)] ReadMemory at 0x29425a836b0 of 132 bytes failed: Only part of a ReadProcessMemory or WriteProcessMemory request was completed. (0x12B)
[0129/102823.367:ERROR:process_memory_win.cc(73)] ReadMemory at 0x29425a84910 of 54 bytes failed: Only part of a ReadProcessMemory or WriteProcessMemory request was completed. (0x12B)
[0129/102823.367:ERROR:process_memory_win.cc(73)] ReadMemory at 0x29425a84d60 of 76 bytes failed: Only part of a ReadProcessMemory or WriteProcessMemory request was completed. (0x12B)
[0129/102823.367:ERROR:process_memory_win.cc(73)] ReadMemory at 0x29425a861e0 of 132 bytes failed: Only part of a ReadProcessMemory or WriteProcessMemory request was completed. (0x12B)
[0129/102823.367:ERROR:process_memory_win.cc(73)] ReadMemory at 0x29425a869b0 of 132 bytes failed: Only part of a ReadProcessMemory or WriteProcessMemory request was completed. (0x12B)
[0129/102823.368:ERROR:process_memory_win.cc(73)] ReadMemory at 0x29425a87410 of 132 bytes failed: Only part of a ReadProcessMemory or WriteProcessMemory request was completed. (0x12B)
[0129/102823.368:ERROR:process_memory_win.cc(73)] ReadMemory at 0x29425a87540 of 132 bytes failed: Only part of a ReadProcessMemory or WriteProcessMemory request was completed. (0x12B)
[0129/102823.368:ERROR:process_memory_win.cc(73)] ReadMemory at 0x29425a87670 of 132 bytes failed: Only part of a ReadProcessMemory or WriteProcessMemory request was completed. (0x12B)
[0129/102823.369:ERROR:process_memory_win.cc(73)] ReadMemory at 0x29425a877a0 of 132 bytes failed: Only part of a ReadProcessMemory or WriteProcessMemory request was completed. (0x12B)
[0129/102823.369:ERROR:process_memory_win.cc(73)] ReadMemory at 0x29425a878d0 of 132 bytes failed: Only part of a ReadProcessMemory or WriteProcessMemory request was completed. (0x12B)
[0129/102823.369:ERROR:process_memory_win.cc(73)] ReadMemory at 0x29425a87a00 of 132 bytes failed: Only part of a ReadProcessMemory or WriteProcessMemory request was completed. (0x12B)
[0129/102823.369:ERROR:process_memory_win.cc(73)] ReadMemory at 0x29425a87b30 of 132 bytes failed: Only part of a ReadProcessMemory or WriteProcessMemory request was completed. (0x12B)
[0129/102823.369:ERROR:process_memory_win.cc(73)] ReadMemory at 0x29425a87c60 of 132 bytes failed: Only part of a ReadProcessMemory or WriteProcessMemory request was completed. (0x12B)
[0129/102823.369:ERROR:process_memory_win.cc(73)] ReadMemory at 0x29425a87d90 of 132 bytes failed: Only part of a ReadProcessMemory or WriteProcessMemory request was completed. (0x12B)
[0129/102823.369:ERROR:process_memory_win.cc(73)] ReadMemory at 0x29425a87ec0 of 132 bytes failed: Only part of a ReadProcessMemory or WriteProcessMemory request was completed. (0x12B)
[0129/102823.369:ERROR:process_memory_win.cc(73)] ReadMemory at 0x29425a88120 of 132 bytes failed: Only part of a ReadProcessMemory or WriteProcessMemory request was completed. (0x12B)
[0129/102823.369:ERROR:process_memory_win.cc(73)] ReadMemory at 0x29425a88250 of 132 bytes failed: Only part of a ReadProcessMemory or WriteProcessMemory request was completed. (0x12B)
[0129/102823.369:ERROR:process_memory_win.cc(73)] ReadMemory at 0x29425a88e70 of 132 bytes failed: Only part of a ReadProcessMemory or WriteProcessMemory request was completed. (0x12B)
[0129/102823.369:ERROR:process_memory_win.cc(73)] ReadMemory at 0x29425a8ba40 of 58 bytes failed: Only part of a ReadProcessMemory or WriteProcessMemory request was completed. (0x12B)
[0129/102823.369:ERROR:process_memory_win.cc(73)] ReadMemory at 0x29425a8ba90 of 62 bytes failed: Only part of a ReadProcessMemory or WriteProcessMemory request was completed. (0x12B)
[0129/102823.370:ERROR:process_memory_win.cc(73)] ReadMemory at 0x29425a8bb30 of 62 bytes failed: Only part of a ReadProcessMemory or WriteProcessMemory request was completed. (0x12B)
[0129/102823.370:ERROR:process_memory_win.cc(73)] ReadMemory at 0x29425a8bb80 of 60 bytes failed: Only part of a ReadProcessMemory or WriteProcessMemory request was completed. (0x12B)
[0129/102823.370:ERROR:process_memory_win.cc(73)] ReadMemory at 0x29425a8bbd0 of 60 bytes failed: Only part of a ReadProcessMemory or WriteProcessMemory request was completed. (0x12B)
[0129/102823.370:ERROR:process_memory_win.cc(73)] ReadMemory at 0x29425a8bc20 of 60 bytes failed: Only part of a ReadProcessMemory or WriteProcessMemory request was completed. (0x12B)
[0129/102823.370:ERROR:process_memory_win.cc(73)] ReadMemory at 0x29425a8bc70 of 64 bytes failed: Only part of a ReadProcessMemory or WriteProcessMemory request was completed. (0x12B)
[0129/102823.370:ERROR:process_memory_win.cc(73)] ReadMemory at 0x29425a8be00 of 66 bytes failed: Only part of a ReadProcessMemory or WriteProcessMemory request was completed. (0x12B)
[0129/102823.370:ERROR:process_memory_win.cc(73)] ReadMemory at 0x29425a8be50 of 62 bytes failed: Only part of a ReadProcessMemory or WriteProcessMemory request was completed. (0x12B)
[0129/102823.370:ERROR:process_memory_win.cc(73)] ReadMemory at 0x29425a8bf90 of 62 bytes failed: Only part of a ReadProcessMemory or WriteProcessMemory request was completed. (0x12B)
[0129/102823.370:ERROR:process_memory_win.cc(73)] ReadMemory at 0x29425a8bfe0 of 64 bytes failed: Only part of a ReadProcessMemory or WriteProcessMemory request was completed. (0x12B)
[0129/102823.371:ERROR:process_memory_win.cc(73)] ReadMemory at 0x29425a8c080 of 62 bytes failed: Only part of a ReadProcessMemory or WriteProcessMemory request was completed. (0x12B)
[0129/102823.371:ERROR:process_memory_win.cc(73)] ReadMemory at 0x29425a8c0d0 of 62 bytes failed: Only part of a ReadProcessMemory or WriteProcessMemory request was completed. (0x12B)
[0129/102823.371:ERROR:process_memory_win.cc(73)] ReadMemory at 0x29425a8c210 of 64 bytes failed: Only part of a ReadProcessMemory or WriteProcessMemory request was completed. (0x12B)
[0129/102823.371:ERROR:process_memory_win.cc(73)] ReadMemory at 0x29425a8c300 of 60 bytes failed: Only part of a ReadProcessMemory or WriteProcessMemory request was completed. (0x12B)
[0129/102823.371:ERROR:process_memory_win.cc(73)] ReadMemory at 0x29425a8c3a0 of 62 bytes failed: Only part of a ReadProcessMemory or WriteProcessMemory request was completed. (0x12B)
[0129/102823.371:ERROR:process_memory_win.cc(73)] ReadMemory at 0x29425a8c8f0 of 62 bytes failed: Only part of a ReadProcessMemory or WriteProcessMemory request was completed. (0x12B)
[0129/102823.371:ERROR:process_memory_win.cc(73)] ReadMemory at 0x29425a8c940 of 64 bytes failed: Only part of a ReadProcessMemory or WriteProcessMemory request was completed. (0x12B)
[0129/102823.371:ERROR:process_memory_win.cc(73)] ReadMemory at 0x29425a8d390 of 132 bytes failed: Only part of a ReadProcessMemory or WriteProcessMemory request was completed. (0x12B)
[0129/102823.372:ERROR:process_memory_win.cc(73)] ReadMemory at 0x29425a8dab0 of 132 bytes failed: Only part of a ReadProcessMemory or WriteProcessMemory request was completed. (0x12B)
[0129/102823.372:ERROR:process_memory_win.cc(73)] ReadMemory at 0x29425a8dd10 of 132 bytes failed: Only part of a ReadProcessMemory or WriteProcessMemory request was completed. (0x12B)
[0129/102823.372:ERROR:process_memory_win.cc(73)] ReadMemory at 0x29425a8de40 of 132 bytes failed: Only part of a ReadProcessMemory or WriteProcessMemory request was completed. (0x12B)
[0129/102823.372:ERROR:process_memory_win.cc(73)] ReadMemory at 0x29425a8e300 of 132 bytes failed: Only part of a ReadProcessMemory or WriteProcessMemory request was completed. (0x12B)
[0129/102823.372:ERROR:process_memory_win.cc(73)] ReadMemory at 0x29425a8e560 of 132 bytes failed: Only part of a ReadProcessMemory or WriteProcessMemory request was completed. (0x12B)
[0129/102823.372:ERROR:process_memory_win.cc(73)] ReadMemory at 0x29425a8e690 of 132 bytes failed: Only part of a ReadProcessMemory or WriteProcessMemory request was completed. (0x12B)
[0129/102823.372:ERROR:process_memory_win.cc(73)] ReadMemory at 0x29425a8e7c0 of 132 bytes failed: Only part of a ReadProcessMemory or WriteProcessMemory request was completed. (0x12B)
[0129/102823.372:ERROR:process_memory_win.cc(73)] ReadMemory at 0x29425a8eb50 of 132 bytes failed: Only part of a ReadProcessMemory or WriteProcessMemory request was completed. (0x12B)
[0129/102823.372:ERROR:process_memory_win.cc(73)] ReadMemory at 0x29425aa42b0 of 512 bytes failed: Only part of a ReadProcessMemory or WriteProcessMemory request was completed. (0x12B)
[0129/102823.373:ERROR:process_memory_win.cc(73)] ReadMemory at 0x29425aa5220 of 512 bytes failed: Only part of a ReadProcessMemory or WriteProcessMemory request was completed. (0x12B)
[0129/102823.373:ERROR:process_memory_win.cc(73)] ReadMemory at 0x29425d00210 of 512 bytes failed: Only part of a ReadProcessMemory or WriteProcessMemory request was completed. (0x12B)
[0129/102823.373:ERROR:process_memory_win.cc(73)] ReadMemory at 0x29425d15270 of 512 bytes failed: Only part of a ReadProcessMemory or WriteProcessMemory request was completed. (0x12B)
[0129/102823.373:ERROR:process_memory_win.cc(73)] ReadMemory at 0x29425d37540 of 712 bytes failed: Only part of a ReadProcessMemory or WriteProcessMemory request was completed. (0x12B)
[0129/102823.373:ERROR:process_memory_win.cc(73)] ReadMemory at 0x29427c04bf0 of 512 bytes failed: Only part of a ReadProcessMemory or WriteProcessMemory request was completed. (0x12B)
[0129/102823.373:ERROR:process_memory_win.cc(73)] ReadMemory at 0x29427c1cfd8 of 656 bytes failed: Only part of a ReadProcessMemory or WriteProcessMemory request was completed. (0x12B)
[0129/102823.373:ERROR:process_memory_win.cc(73)] ReadMemory at 0x29427c1d698 of 512 bytes failed: Only part of a ReadProcessMemory or WriteProcessMemory request was completed. (0x12B)
[0129/102823.374:ERROR:process_memory_win.cc(73)] ReadMemory at 0x29427d6fdf0 of 512 bytes failed: Only part of a ReadProcessMemory or WriteProcessMemory request was completed. (0x12B)
[0129/102823.374:ERROR:process_memory_win.cc(73)] ReadMemory at 0x294289e9f10 of 512 bytes failed: Only part of a ReadProcessMemory or WriteProcessMemory request was completed. (0x12B)
[0129/102823.374:ERROR:process_memory_win.cc(73)] ReadMemory at 0x294289eb340 of 512 bytes failed: Only part of a ReadProcessMemory or WriteProcessMemory request was completed. (0x12B)
[0129/102823.374:ERROR:process_memory_win.cc(73)] ReadMemory at 0x29428c5c9c0 of 512 bytes failed: Only part of a ReadProcessMemory or WriteProcessMemory request was completed. (0x12B)
[0129/102823.374:ERROR:process_memory_win.cc(73)] ReadMemory at 0x2942984e730 of 512 bytes failed: Only part of a ReadProcessMemory or WriteProcessMemory request was completed. (0x12B)
[0129/102823.374:ERROR:process_memory_win.cc(73)] ReadMemory at 0x2942a6f1270 of 512 bytes failed: Only part of a ReadProcessMemory or WriteProcessMemory request was completed. (0x12B)
[0129/102823.374:ERROR:process_memory_win.cc(73)] ReadMemory at 0x2942acd00f0 of 512 bytes failed: Only part of a ReadProcessMemory or WriteProcessMemory request was completed. (0x12B)
[0129/102823.374:ERROR:process_memory_win.cc(73)] ReadMemory at 0x2942e689ba0 of 512 bytes failed: Only part of a ReadProcessMemory or WriteProcessMemory request was completed. (0x12B)
[0129/102823.375:ERROR:process_memory_win.cc(73)] ReadMemory at 0x2942ee27cd0 of 512 bytes failed: Only part of a ReadProcessMemory or WriteProcessMemory request was completed. (0x12B)
[0129/102823.375:ERROR:process_memory_win.cc(73)] ReadMemory at 0x169e4c481000 of 448 bytes failed: Only part of a ReadProcessMemory or WriteProcessMemory request was completed. (0x12B)
[0129/102823.375:ERROR:process_memory_win.cc(73)] ReadMemory at 0x169e4c4d0280 of 512 bytes failed: Only part of a ReadProcessMemory or WriteProcessMemory request was completed. (0x12B)
[0129/102823.375:ERROR:process_memory_win.cc(73)] ReadMemory at 0x190ec7551c58 of 512 bytes failed: Only part of a ReadProcessMemory or WriteProcessMemory request was completed. (0x12B)
[0129/102823.375:ERROR:process_memory_win.cc(73)] ReadMemory at 0x1a03123db9a8 of 512 bytes failed: Only part of a ReadProcessMemory or WriteProcessMemory request was completed. (0x12B)
[0129/102823.375:ERROR:process_memory_win.cc(73)] ReadMemory at 0x338b181038a9 of 512 bytes failed: Only part of a ReadProcessMemory or WriteProcessMemory request was completed. (0x12B)
[0129/102823.375:ERROR:process_memory_win.cc(73)] ReadMemory at 0x4362b1711a28 of 512 bytes failed: Only part of a ReadProcessMemory or WriteProcessMemory request was completed. (0x12B)
[0129/102823.375:ERROR:process_memory_win.cc(73)] ReadMemory at 0x5410de149420 of 512 bytes failed: Only part of a ReadProcessMemory or WriteProcessMemory request was completed. (0x12B)
[0129/102823.375:ERROR:process_memory_win.cc(73)] ReadMemory at 0x5e187db658f0 of 512 bytes failed: Only part of a ReadProcessMemory or WriteProcessMemory request was completed. (0x12B)
[0129/102823.376:ERROR:process_memory_win.cc(73)] ReadMemory at 0x669f34300e70 of 512 bytes failed: Only part of a ReadProcessMemory or WriteProcessMemory request was completed. (0x12B)
[0129/102823.376:ERROR:process_memory_win.cc(73)] ReadMemory at 0x7ffb50aacee3 of 512 bytes failed: Only part of a ReadProcessMemory or WriteProcessMemory request was completed. (0x12B)
[0129/102823.376:ERROR:process_memory_win.cc(73)] ReadMemory at 0x7ffb50e42a0c of 512 bytes failed: Only part of a ReadProcessMemory or WriteProcessMemory request was completed. (0x12B)
[0129/102823.376:ERROR:process_memory_win.cc(73)] ReadMemory at 0x7ffb5253f0ec of 512 bytes failed: Only part of a ReadProcessMemory or WriteProcessMemory request was completed. (0x12B)
[0129/102823.376:ERROR:process_memory_win.cc(73)] ReadMemory at 0x7ffb550927cc of 512 bytes failed: Only part of a ReadProcessMemory or WriteProcessMemory request was completed. (0x12B)
[0129/102823.376:ERROR:process_memory_win.cc(73)] ReadMemory at 0x7ffb7cbb7bc3 of 512 bytes failed: Only part of a ReadProcessMemory or WriteProcessMemory request was completed. (0x12B)
[0129/102823.376:ERROR:process_memory_win.cc(73)] ReadMemory at 0x7ffb7cbb83ba of 512 bytes failed: Only part of a ReadProcessMemory or WriteProcessMemory request was completed. (0x12B)
[0129/102823.376:ERROR:process_memory_win.cc(73)] ReadMemory at 0x7ffbaf24ff00 of 512 bytes failed: Only part of a ReadProcessMemory or WriteProcessMemory request was completed. (0x12B)
[0129/102823.376:ERROR:process_memory_win.cc(73)] ReadMemory at 0x7ffbaf29f764 of 672 bytes failed: Only part of a ReadProcessMemory or WriteProcessMemory request was completed. (0x12B)
[0129/102823.377:ERROR:process_memory_win.cc(73)] ReadMemory at 0x7ffbaf2a2ff4 of 608 bytes failed: Only part of a ReadProcessMemory or WriteProcessMemory request was completed. (0x12B)
[0129/102823.377:ERROR:process_memory_win.cc(73)] ReadMemory at 0x7ffbaf32c0c8 of 18 bytes failed: Only part of a ReadProcessMemory or WriteProcessMemory request was completed. (0x12B)
[0129/102823.377:ERROR:process_memory_win.cc(73)] ReadMemory at 0x7ffbaf35f4f8 of 40 bytes failed: Only part of a ReadProcessMemory or WriteProcessMemory request was completed. (0x12B)
[0129/102823.377:ERROR:process_memory_win.cc(73)] ReadMemory at 0x7ffbaf35f978 of 48 bytes failed: Only part of a ReadProcessMemory or WriteProcessMemory request was completed. (0x12B)
[0129/102823.377:ERROR:process_memory_win.cc(73)] ReadMemory at 0x7ffbaf3653a0 of 64 bytes failed: Only part of a ReadProcessMemory or WriteProcessMemory request was completed. (0x12B)
[0129/102823.382:ERROR:scoped_process_suspend.cc(40)] NtResumeProcess: An attempt was made to access an exiting process. (0xc000010a)
